   Compiling inheritx-backend v0.1.0 (/home/edohwares/Desktop/Room/drips/InheritX/backend)
warning: unused import: `Value`
 --> tests/admin_tests.rs:9:24
  |
9 | use serde_json::{json, Value};
  |                        ^^^^^
  |
  = note: `#[warn(unused_imports)]` (part of `#[warn(unused)]`) on by default

warning: variable does not need to be mutable
   --> tests/admin_tests.rs:150:9
    |
150 |     let mut create_app = ctx.app.clone();
    |         ----^^^^^^^^^^
    |         |
    |         help: remove this `mut`
    |
    = note: `#[warn(unused_mut)]` (part of `#[warn(unused)]`) on by default

warning: `inheritx-backend` (test "admin_tests") generated 2 warnings (run `cargo fix --test "admin_tests"` to apply 2 suggestions)
    Finished `test` profile [unoptimized + debuginfo] target(s) in 3.66s
warning: the following packages contain code that will be rejected by a future version of Rust: sqlx-postgres v0.7.4
note: to see what the problems were, use the option `--future-incompat-report`, or run `cargo report future-incompatibilities --id 1`
     Running tests/admin_tests.rs (target/debug/deps/admin_tests-a461ed5c9d6be9ca)

running 3 tests
test user_cannot_fetch_logs ... ok
test admin_can_fetch_logs ... ok
test log_inserted_on_plan_create_and_claim ... ok

test result: ok. 3 passed; 0 failed; 0 ignored; 0 measured; 0 filtered out; finished in 0.00s

